<?xml version="1.0" encoding="UTF-8"?>
<testng-results ignored="0" total="1" passed="1" failed="0" skipped="0">
  <reporter-output>
  </reporter-output>
  <suite started-at="2023-01-16T19:46:38 IST" name="Default suite" finished-at="2023-01-16T19:46:57 IST" duration-ms="18748">
    <groups>
    </groups>
    <test started-at="2023-01-16T19:46:38 IST" name="Default test" finished-at="2023-01-16T19:46:57 IST" duration-ms="18748">
      <class name="com.hrms.Testscripts.TestScripts_1">
        <test-method signature="openApplication()[pri:0, instance:com.hrms.Testscripts.TestScripts_1@4f80542f]" started-at="2023-01-16T19:46:38 IST" name="openApplication" finished-at="2023-01-16T19:46:57 IST" duration-ms="18706" status="PASS">
          <reporter-output>
          </reporter-output>
        </test-method> <!-- openApplication -->
      </class> <!-- com.hrms.Testscripts.TestScripts_1 -->
    </test> <!-- Default test -->
  </suite> <!-- Default suite -->
</testng-results>
